<?xml version="1.0" encoding="UTF-8"?>
<testsuite name="Test" tests="1" skipped="0" failures="0" errors="0" timestamp="2022-05-03T16:54:08" hostname="miko-linux" time="0.016">
  <properties/>
  <testcase name="test()" classname="Test" time="0.016"/>
  <system-out><![CDATA[false]]></system-out>
  <system-err><![CDATA[]]></system-err>
</testsuite>
